<?xml version="1.0" encoding="UTF-8"?>
<!-- Generated by org.testng.reporters.JUnitXMLReporter -->
<testsuite hostname="A073DHYD" name="Default test" tests="3" failures="0" timestamp="21 Jan 2021 16:38:34 GMT" time="3.913" errors="0">
  <testcase name="test" time="2.247" classname="Gw.Webservice.REST_TC.tc1_Get"/>
  <testcase name="test" time="0.398" classname="Gw.Webservice.REST_TC.tc1_Get"/>
  <testcase name="test" time="0.37" classname="Gw.Webservice.REST_TC.tc1_Get"/>
</testsuite> <!-- Default test -->
