<?xml version="1.0" encoding="UTF-8"?>
<testng-results skipped="0" failed="0" total="1" passed="1">
  <reporter-output>
  </reporter-output>
  <suite name="Default suite" duration-ms="30485" started-at="2021-01-21T13:18:09Z" finished-at="2021-01-21T13:18:40Z">
    <groups>
    </groups>
    <test name="Default test" duration-ms="30485" started-at="2021-01-21T13:18:09Z" finished-at="2021-01-21T13:18:40Z">
      <class name="Gw.Webservice.REST_TC.Get">
        <test-method status="PASS" signature="suite()[pri:0, instance:Gw.Webservice.REST_TC.Get@5c5a1b69]" name="suite" is-config="true" duration-ms="104" started-at="2021-01-21T18:48:09Z" finished-at="2021-01-21T18:48:09Z">
          <reporter-output>
          </reporter-output>
        </test-method> <!-- suite -->
        <test-method status="PASS" signature="f()[pri:0, instance:Gw.Webservice.REST_TC.Get@5c5a1b69]" name="f" duration-ms="8262" started-at="2021-01-21T18:48:09Z" finished-at="2021-01-21T18:48:18Z">
          <reporter-output>
          </reporter-output>
        </test-method> <!-- f -->
        <test-method status="PASS" signature="endtest(org.testng.ITestResult)[pri:0, instance:Gw.Webservice.REST_TC.Get@5c5a1b69]" name="endtest" is-config="true" duration-ms="22105" started-at="2021-01-21T18:48:18Z" finished-at="2021-01-21T18:48:40Z">
          <params>
            <param index="0">
              <value>
                <![CDATA[[TestResult name=f status=SUCCESS method=Get.f()[pri:0, instance:Gw.Webservice.REST_TC.Get@5c5a1b69] output={null}]]]>
              </value>
            </param>
          </params>
          <reporter-output>
          </reporter-output>
        </test-method> <!-- endtest -->
      </class> <!-- Gw.Webservice.REST_TC.Get -->
    </test> <!-- Default test -->
  </suite> <!-- Default suite -->
</testng-results>
